<?xml version="1.0" encoding="UTF-8"?>
<testsuite xmlns:xsi="http://www.w3.org/2001/XMLSchema-instance" xsi:noNamespaceSchemaLocation="https://maven.apache.org/surefire/maven-surefire-plugin/xsd/surefire-test-report.xsd" name="com.mdsol.skyfire.util.MappingTest" time="0.002" tests="1" errors="0" skipped="0" failures="0">
  <properties>
    <property name="sun.desktop" value="windows"/>
    <property name="awt.toolkit" value="sun.awt.windows.WToolkit"/>
    <property name="java.specification.version" value="12"/>
    <property name="sun.cpu.isalist" value="amd64"/>
    <property name="sun.jnu.encoding" value="Cp1252"/>
    <property name="java.class.path" value="C:\Users\Victor\git_projects\MC030\skyfire\target\test-classes;C:\Users\Victor\git_projects\MC030\skyfire\target\classes;C:\Users\Victor\.m2\repository\junit\junit\4.11\junit-4.11.jar;C:\Users\Victor\.m2\repository\org\hamcrest\hamcrest-core\1.3\hamcrest-core-1.3.jar;C:\Users\Victor\.m2\repository\org\apache\logging\log4j\log4j-api\2.4.1\log4j-api-2.4.1.jar;C:\Users\Victor\.m2\repository\org\apache\logging\log4j\log4j-core\2.4.1\log4j-core-2.4.1.jar;C:\Users\Victor\.m2\repository\org\mockito\mockito-all\1.8.2\mockito-all-1.8.2.jar;C:\Users\Victor\.m2\repository\net\sourceforge\htmlunit\htmlunit\2.17\htmlunit-2.17.jar;C:\Users\Victor\.m2\repository\xalan\xalan\2.7.2\xalan-2.7.2.jar;C:\Users\Victor\.m2\repository\xalan\serializer\2.7.2\serializer-2.7.2.jar;C:\Users\Victor\.m2\repository\commons-collections\commons-collections\3.2.1\commons-collections-3.2.1.jar;C:\Users\Victor\.m2\repository\org\apache\commons\commons-lang3\3.4\commons-lang3-3.4.jar;C:\Users\Victor\.m2\repository\org\apache\httpcomponents\httpclient\4.4.1\httpclient-4.4.1.jar;C:\Users\Victor\.m2\repository\org\apache\httpcomponents\httpcore\4.4.1\httpcore-4.4.1.jar;C:\Users\Victor\.m2\repository\org\apache\httpcomponents\httpmime\4.4.1\httpmime-4.4.1.jar;C:\Users\Victor\.m2\repository\commons-codec\commons-codec\1.10\commons-codec-1.10.jar;C:\Users\Victor\.m2\repository\net\sourceforge\htmlunit\htmlunit-core-js\2.17\htmlunit-core-js-2.17.jar;C:\Users\Victor\.m2\repository\xerces\xercesImpl\2.11.0\xercesImpl-2.11.0.jar;C:\Users\Victor\.m2\repository\xml-apis\xml-apis\1.4.01\xml-apis-1.4.01.jar;C:\Users\Victor\.m2\repository\net\sourceforge\nekohtml\nekohtml\1.9.22\nekohtml-1.9.22.jar;C:\Users\Victor\.m2\repository\net\sourceforge\cssparser\cssparser\0.9.16\cssparser-0.9.16.jar;C:\Users\Victor\.m2\repository\org\w3c\css\sac\1.3\sac-1.3.jar;C:\Users\Victor\.m2\repository\commons-io\commons-io\2.4\commons-io-2.4.jar;C:\Users\Victor\.m2\repository\commons-logging\commons-logging\1.2\commons-logging-1.2.jar;C:\Users\Victor\.m2\repository\org\eclipse\jetty\websocket\websocket-client\9.2.11.v20150529\websocket-client-9.2.11.v20150529.jar;C:\Users\Victor\.m2\repository\org\eclipse\jetty\jetty-util\9.2.11.v20150529\jetty-util-9.2.11.v20150529.jar;C:\Users\Victor\.m2\repository\org\eclipse\jetty\jetty-io\9.2.11.v20150529\jetty-io-9.2.11.v20150529.jar;C:\Users\Victor\.m2\repository\org\eclipse\jetty\websocket\websocket-common\9.2.11.v20150529\websocket-common-9.2.11.v20150529.jar;C:\Users\Victor\.m2\repository\org\eclipse\jetty\websocket\websocket-api\9.2.11.v20150529\websocket-api-9.2.11.v20150529.jar;C:\Users\Victor\.m2\repository\org\easymock\easymockclassextension\3.2\easymockclassextension-3.2.jar;C:\Users\Victor\.m2\repository\org\easymock\easymock\3.2\easymock-3.2.jar;C:\Users\Victor\.m2\repository\cglib\cglib-nodep\2.2.2\cglib-nodep-2.2.2.jar;C:\Users\Victor\.m2\repository\org\objenesis\objenesis\1.3\objenesis-1.3.jar;C:\Users\Victor\.m2\repository\org\eclipse\emf\org.eclipse.emf.common\2.11.0-v20150123-0347\org.eclipse.emf.common-2.11.0-v20150123-0347.jar;C:\Users\Victor\.m2\repository\org\eclipse\uml2\org.eclipse.uml2.uml\4.1.2.v20140202-2055\org.eclipse.uml2.uml-4.1.2.v20140202-2055.jar;C:\Users\Victor\.m2\repository\org\eclipse\uml2\types\1.0.0.v20120913-1441\types-1.0.0.v20120913-1441.jar;C:\Users\Victor\.m2\repository\org\eclipse\uml2\common\1.7.0.v20120913-1441\common-1.7.0.v20120913-1441.jar;C:\Users\Victor\.m2\repository\org\eclipse\emf\org.eclipse.emf.ecore\2.11.0-v20150123-0347\org.eclipse.emf.ecore-2.11.0-v20150123-0347.jar;C:\Users\Victor\.m2\repository\org\eclipse\emf\org.eclipse.emf.ecore.xmi\2.11.0-v20150123-0347\org.eclipse.emf.ecore.xmi-2.11.0-v20150123-0347.jar;C:\Users\Victor\.m2\repository\org\eclipse\core\runtime\3.10.0-v20140318-2214\runtime-3.10.0-v20140318-2214.jar;C:\Users\Victor\.m2\repository\org\eclipse\osgi\3.10.0-v20140606-1445\osgi-3.10.0-v20140606-1445.jar;C:\Users\Victor\.m2\repository\org\eclipse\equinox\common\3.6.200-v20130402-1505\common-3.6.200-v20130402-1505.jar;C:\Users\Victor\.m2\repository\org\eclipse\core\jobs\3.6.0-v20140424-0053\jobs-3.6.0-v20140424-0053.jar;C:\Users\Victor\.m2\repository\org\eclipse\equinox\registry\3.5.400-v20140428-1507\registry-3.5.400-v20140428-1507.jar;C:\Users\Victor\.m2\repository\org\eclipse\equinox\preferences\3.5.200-v20140224-1527\preferences-3.5.200-v20140224-1527.jar;C:\Users\Victor\.m2\repository\org\eclipse\core\contenttype\3.4.200-v20140207-1251\contenttype-3.4.200-v20140207-1251.jar;C:\Users\Victor\.m2\repository\org\eclipse\equinox\app\1.3.200-v20130910-1609\app-1.3.200-v20130910-1609.jar;C:\Users\Victor\.m2\repository\org\eclipse\acceleo\org.eclipse.acceleo.model\3.5.0-SNAPSHOT\org.eclipse.acceleo.model-3.5.0-SNAPSHOT.jar;C:\Users\Victor\.m2\repository\org\eclipse\acceleo\org.eclipse.acceleo.common\3.5.0-SNAPSHOT\org.eclipse.acceleo.common-3.5.0-SNAPSHOT.jar;C:\Users\Victor\.m2\repository\org\eclipse\ocl\org.eclipse.ocl.ecore\3.3.0.v20130520-1222\org.eclipse.ocl.ecore-3.3.0.v20130520-1222.jar;C:\Users\Victor\.m2\repository\org\eclipse\ocl\org.eclipse.ocl\3.3.0.v20130909-1552\org.eclipse.ocl-3.3.0.v20130909-1552.jar;C:\Users\Victor\.m2\repository\org\eclipse\ocl\org.eclipse.ocl.common\1.1.0.v20130531-0544\org.eclipse.ocl.common-1.1.0.v20130531-0544.jar;C:\Users\Victor\.m2\repository\edu\gmu\swe\coverage\0.9\coverage-0.9.jar;"/>
    <property name="java.vm.vendor" value="Oracle Corporation"/>
    <property name="sun.arch.data.model" value="64"/>
    <property name="user.variant" value=""/>
    <property name="java.vendor.url" value="https://java.oracle.com/"/>
    <property name="user.timezone" value="GMT-03:00"/>
    <property name="os.name" value="Windows 7"/>
    <property name="java.vm.specification.version" value="12"/>
    <property name="sun.java.launcher" value="SUN_STANDARD"/>
    <property name="user.country" value="BR"/>
    <property name="sun.boot.library.path" value="C:\Program Files\Java\jdk-12.0.1\bin"/>
    <property name="sun.java.command" value="C:\Users\Victor\AppData\Local\Temp\surefire5153289661518918299\surefirebooter17199533513302734391.jar C:\Users\Victor\AppData\Local\Temp\surefire5153289661518918299 2021-06-04T07-40-50_048-jvmRun1 surefire5889995041965310004tmp surefire_04466495390091175804tmp"/>
    <property name="jdk.debug" value="release"/>
    <property name="surefire.test.class.path" value="C:\Users\Victor\git_projects\MC030\skyfire\target\test-classes;C:\Users\Victor\git_projects\MC030\skyfire\target\classes;C:\Users\Victor\.m2\repository\junit\junit\4.11\junit-4.11.jar;C:\Users\Victor\.m2\repository\org\hamcrest\hamcrest-core\1.3\hamcrest-core-1.3.jar;C:\Users\Victor\.m2\repository\org\apache\logging\log4j\log4j-api\2.4.1\log4j-api-2.4.1.jar;C:\Users\Victor\.m2\repository\org\apache\logging\log4j\log4j-core\2.4.1\log4j-core-2.4.1.jar;C:\Users\Victor\.m2\repository\org\mockito\mockito-all\1.8.2\mockito-all-1.8.2.jar;C:\Users\Victor\.m2\repository\net\sourceforge\htmlunit\htmlunit\2.17\htmlunit-2.17.jar;C:\Users\Victor\.m2\repository\xalan\xalan\2.7.2\xalan-2.7.2.jar;C:\Users\Victor\.m2\repository\xalan\serializer\2.7.2\serializer-2.7.2.jar;C:\Users\Victor\.m2\repository\commons-collections\commons-collections\3.2.1\commons-collections-3.2.1.jar;C:\Users\Victor\.m2\repository\org\apache\commons\commons-lang3\3.4\commons-lang3-3.4.jar;C:\Users\Victor\.m2\repository\org\apache\httpcomponents\httpclient\4.4.1\httpclient-4.4.1.jar;C:\Users\Victor\.m2\repository\org\apache\httpcomponents\httpcore\4.4.1\httpcore-4.4.1.jar;C:\Users\Victor\.m2\repository\org\apache\httpcomponents\httpmime\4.4.1\httpmime-4.4.1.jar;C:\Users\Victor\.m2\repository\commons-codec\commons-codec\1.10\commons-codec-1.10.jar;C:\Users\Victor\.m2\repository\net\sourceforge\htmlunit\htmlunit-core-js\2.17\htmlunit-core-js-2.17.jar;C:\Users\Victor\.m2\repository\xerces\xercesImpl\2.11.0\xercesImpl-2.11.0.jar;C:\Users\Victor\.m2\repository\xml-apis\xml-apis\1.4.01\xml-apis-1.4.01.jar;C:\Users\Victor\.m2\repository\net\sourceforge\nekohtml\nekohtml\1.9.22\nekohtml-1.9.22.jar;C:\Users\Victor\.m2\repository\net\sourceforge\cssparser\cssparser\0.9.16\cssparser-0.9.16.jar;C:\Users\Victor\.m2\repository\org\w3c\css\sac\1.3\sac-1.3.jar;C:\Users\Victor\.m2\repository\commons-io\commons-io\2.4\commons-io-2.4.jar;C:\Users\Victor\.m2\repository\commons-logging\commons-logging\1.2\commons-logging-1.2.jar;C:\Users\Victor\.m2\repository\org\eclipse\jetty\websocket\websocket-client\9.2.11.v20150529\websocket-client-9.2.11.v20150529.jar;C:\Users\Victor\.m2\repository\org\eclipse\jetty\jetty-util\9.2.11.v20150529\jetty-util-9.2.11.v20150529.jar;C:\Users\Victor\.m2\repository\org\eclipse\jetty\jetty-io\9.2.11.v20150529\jetty-io-9.2.11.v20150529.jar;C:\Users\Victor\.m2\repository\org\eclipse\jetty\websocket\websocket-common\9.2.11.v20150529\websocket-common-9.2.11.v20150529.jar;C:\Users\Victor\.m2\repository\org\eclipse\jetty\websocket\websocket-api\9.2.11.v20150529\websocket-api-9.2.11.v20150529.jar;C:\Users\Victor\.m2\repository\org\easymock\easymockclassextension\3.2\easymockclassextension-3.2.jar;C:\Users\Victor\.m2\repository\org\easymock\easymock\3.2\easymock-3.2.jar;C:\Users\Victor\.m2\repository\cglib\cglib-nodep\2.2.2\cglib-nodep-2.2.2.jar;C:\Users\Victor\.m2\repository\org\objenesis\objenesis\1.3\objenesis-1.3.jar;C:\Users\Victor\.m2\repository\org\eclipse\emf\org.eclipse.emf.common\2.11.0-v20150123-0347\org.eclipse.emf.common-2.11.0-v20150123-0347.jar;C:\Users\Victor\.m2\repository\org\eclipse\uml2\org.eclipse.uml2.uml\4.1.2.v20140202-2055\org.eclipse.uml2.uml-4.1.2.v20140202-2055.jar;C:\Users\Victor\.m2\repository\org\eclipse\uml2\types\1.0.0.v20120913-1441\types-1.0.0.v20120913-1441.jar;C:\Users\Victor\.m2\repository\org\eclipse\uml2\common\1.7.0.v20120913-1441\common-1.7.0.v20120913-1441.jar;C:\Users\Victor\.m2\repository\org\eclipse\emf\org.eclipse.emf.ecore\2.11.0-v20150123-0347\org.eclipse.emf.ecore-2.11.0-v20150123-0347.jar;C:\Users\Victor\.m2\repository\org\eclipse\emf\org.eclipse.emf.ecore.xmi\2.11.0-v20150123-0347\org.eclipse.emf.ecore.xmi-2.11.0-v20150123-0347.jar;C:\Users\Victor\.m2\repository\org\eclipse\core\runtime\3.10.0-v20140318-2214\runtime-3.10.0-v20140318-2214.jar;C:\Users\Victor\.m2\repository\org\eclipse\osgi\3.10.0-v20140606-1445\osgi-3.10.0-v20140606-1445.jar;C:\Users\Victor\.m2\repository\org\eclipse\equinox\common\3.6.200-v20130402-1505\common-3.6.200-v20130402-1505.jar;C:\Users\Victor\.m2\repository\org\eclipse\core\jobs\3.6.0-v20140424-0053\jobs-3.6.0-v20140424-0053.jar;C:\Users\Victor\.m2\repository\org\eclipse\equinox\registry\3.5.400-v20140428-1507\registry-3.5.400-v20140428-1507.jar;C:\Users\Victor\.m2\repository\org\eclipse\equinox\preferences\3.5.200-v20140224-1527\preferences-3.5.200-v20140224-1527.jar;C:\Users\Victor\.m2\repository\org\eclipse\core\contenttype\3.4.200-v20140207-1251\contenttype-3.4.200-v20140207-1251.jar;C:\Users\Victor\.m2\repository\org\eclipse\equinox\app\1.3.200-v20130910-1609\app-1.3.200-v20130910-1609.jar;C:\Users\Victor\.m2\repository\org\eclipse\acceleo\org.eclipse.acceleo.model\3.5.0-SNAPSHOT\org.eclipse.acceleo.model-3.5.0-SNAPSHOT.jar;C:\Users\Victor\.m2\repository\org\eclipse\acceleo\org.eclipse.acceleo.common\3.5.0-SNAPSHOT\org.eclipse.acceleo.common-3.5.0-SNAPSHOT.jar;C:\Users\Victor\.m2\repository\org\eclipse\ocl\org.eclipse.ocl.ecore\3.3.0.v20130520-1222\org.eclipse.ocl.ecore-3.3.0.v20130520-1222.jar;C:\Users\Victor\.m2\repository\org\eclipse\ocl\org.eclipse.ocl\3.3.0.v20130909-1552\org.eclipse.ocl-3.3.0.v20130909-1552.jar;C:\Users\Victor\.m2\repository\org\eclipse\ocl\org.eclipse.ocl.common\1.1.0.v20130531-0544\org.eclipse.ocl.common-1.1.0.v20130531-0544.jar;C:\Users\Victor\.m2\repository\edu\gmu\swe\coverage\0.9\coverage-0.9.jar;"/>
    <property name="sun.cpu.endian" value="little"/>
    <property name="user.home" value="C:\Users\Victor"/>
    <property name="user.language" value="pt"/>
    <property name="java.specification.vendor" value="Oracle Corporation"/>
    <property name="java.version.date" value="2019-04-16"/>
    <property name="java.home" value="C:\Program Files\Java\jdk-12.0.1"/>
    <property name="file.separator" value="\"/>
    <property name="basedir" value="C:\Users\Victor\git_projects\MC030\skyfire"/>
    <property name="java.vm.compressedOopsMode" value="32-bit"/>
    <property name="line.separator" value="&#10;"/>
    <property name="checkstyle.skip" value="true"/>
    <property name="java.vm.specification.vendor" value="Oracle Corporation"/>
    <property name="java.specification.name" value="Java Platform API Specification"/>
    <property name="java.awt.graphicsenv" value="sun.awt.Win32GraphicsEnvironment"/>
    <property name="surefire.real.class.path" value="C:\Users\Victor\AppData\Local\Temp\surefire5153289661518918299\surefirebooter17199533513302734391.jar"/>
    <property name="user.script" value=""/>
    <property name="sun.management.compiler" value="HotSpot 64-Bit Tiered Compilers"/>
    <property name="java.runtime.version" value="12.0.1+12"/>
    <property name="user.name" value="Victor"/>
    <property name="path.separator" value=";"/>
    <property name="os.version" value="6.1"/>
    <property name="java.runtime.name" value="Java(TM) SE Runtime Environment"/>
    <property name="file.encoding" value="Cp1252"/>
    <property name="java.vm.name" value="Java HotSpot(TM) 64-Bit Server VM"/>
    <property name="localRepository" value="C:\Users\Victor\.m2\repository"/>
    <property name="java.vendor.url.bug" value="https://bugreport.java.com/bugreport/"/>
    <property name="java.io.tmpdir" value="C:\Users\Victor\AppData\Local\Temp\"/>
    <property name="java.version" value="12.0.1"/>
    <property name="user.dir" value="C:\Users\Victor\git_projects\MC030\skyfire"/>
    <property name="os.arch" value="amd64"/>
    <property name="java.vm.specification.name" value="Java Virtual Machine Specification"/>
    <property name="sun.os.patch.level" value="Service Pack 1"/>
    <property name="java.library.path" value="C:\Program Files\Java\jdk-12.0.1\bin;C:\Windows\Sun\Java\bin;C:\Windows\system32;C:\Windows;&quot;C:\Users\Victor\git_projects\apache-maven-3.8.1\bin&quot;;C:\Program Files (x86)\Common Files\Oracle\Java\javapath;C:\Program Files\Python38\Scripts\;C:\Program Files\Python38\;C:\Program Files (x86)\Python37-32\Scripts\;C:\Program Files (x86)\Python37-32\;C:\Program Files (x86)\AMD APP\bin\x86_64;C:\Program Files (x86)\AMD APP\bin\x86;C:\Program Files (x86)\Razer Chroma SDK\bin;C:\Program Files\Razer Chroma SDK\bin;C:\ProgramData\Oracle\Java\javapath;C:\Windows\system32;C:\Windows;C:\Windows\System32\Wbem;C:\Windows\System32\WindowsPowerShell\v1.0\;C:\Program Files (x86)\NVIDIA Corporation\PhysX\Common;C:\Program Files (x86)\ATI Technologies\ATI.ACE\Core-Static;C:\Program Files\TortoiseSVN\bin;C:\Program Files (x86)\GtkSharp\2.12\bin;C:\Program Files\SourceGear\Common\DiffMerge\;C:\Program Files\nodejs\;C:\Program Files\Microsoft VS Code\bin;C:\Program Files\Git\cmd;C:\Users\Victor\AppData\Local\Android\Sdk\platform-tools;C:\Users\Victor\AppData\Roaming\npm;C:\Program Files\Git\mingw64\bin;C:\Program Files\JetBrains\PyCharm Community Edition 2020.2.3\bin;;."/>
    <property name="java.vm.info" value="mixed mode, sharing"/>
    <property name="java.vendor" value="Oracle Corporation"/>
    <property name="java.vm.version" value="12.0.1+12"/>
    <property name="sun.io.unicode.encoding" value="UnicodeLittle"/>
    <property name="java.class.version" value="56.0"/>
  </properties>
  <testcase name="testConstructorAndGettersAndSetters" classname="com.mdsol.skyfire.util.MappingTest" time="0"/>
</testsuite>